<?xml version="1.0" encoding="UTF-8"?>
<!-- Generated by org.testng.reporters.JUnitReportReporter -->
<testsuite hostname="INTVMLT2989" failures="0" tests="1" name="com.quest.testing.PositiveTest" time="13.007" errors="0" timestamp="2022-06-28T10:45:44 IST" skipped="0">
  <testcase classname="com.quest.testing.PositiveTest" name="LoginTest" time="13.007"/>
  <system-out/>
</testsuite> <!-- com.quest.testing.PositiveTest -->
